<?xml version="1.0" encoding="UTF-8"?>
<testsuite xmlns:xsi="http://www.w3.org/2001/XMLSchema-instance" xsi:noNamespaceSchemaLocation="https://maven.apache.org/surefire/maven-surefire-plugin/xsd/surefire-test-report-3.0.xsd" version="3.0" name="tests.WorkflowTest" time="0.005" tests="4" errors="2" skipped="0" failures="0">
  <properties>
[...]
</properties>
  <testcase name="testGetReviewQueue" classname="tests.WorkflowTest" time="0.002">
    <error message="Cannot invoke &quot;java.util.LinkedList.remove()&quot; because &quot;reviewQueue&quot; is null" type="java.lang.NullPointerException"><![CDATA[java.lang.NullPointerException: Cannot invoke "java.util.LinkedList.remove()" because "reviewQueue" is null
	at group13/group13.Workflow.getNextReview(Workflow.java:129)
	at group13/tests.WorkflowTest.testGetReviewQueue(WorkflowTest.java:43)
	at java.base/jdk.internal.reflect.DirectMethodHandleAccessor.invoke(DirectMethodHandleAccessor.java:103)
	at java.base/java.lang.reflect.Method.invoke(Method.java:580)
	at org.junit.runners.model.FrameworkMethod$1.runReflectiveCall(FrameworkMethod.java:59)
	at org.junit.internal.runners.model.ReflectiveCallable.run(ReflectiveCallable.java:12)
	at org.junit.runners.model.FrameworkMethod.invokeExplosively(FrameworkMethod.java:56)
	at org.junit.internal.runners.statements.InvokeMethod.evaluate(InvokeMethod.java:17)
	at org.junit.runners.ParentRunner$3.evaluate(ParentRunner.java:306)
	at org.junit.runners.BlockJUnit4ClassRunner$1.evaluate(BlockJUnit4ClassRunner.java:100)
	at org.junit.runners.ParentRunner.runLeaf(ParentRunner.java:366)
	at org.junit.runners.BlockJUnit4ClassRunner.runChild(BlockJUnit4ClassRunner.java:103)
	at org.junit.runners.BlockJUnit4ClassRunner.runChild(BlockJUnit4ClassRunner.java:63)
	at org.junit.runners.ParentRunner$4.run(ParentRunner.java:331)
	at org.junit.runners.ParentRunner$1.schedule(ParentRunner.java:79)
	at org.junit.runners.ParentRunner.runChildren(ParentRunner.java:329)
	at org.junit.runners.ParentRunner.access$100(ParentRunner.java:66)
	at org.junit.runners.ParentRunner$2.evaluate(ParentRunner.java:293)
	at org.junit.runners.ParentRunner$3.evaluate(ParentRunner.java:306)
	at org.junit.runners.ParentRunner.run(ParentRunner.java:413)
	at org.apache.maven.surefire.junit4.JUnit4Provider.execute(JUnit4Provider.java:316)
	at org.apache.maven.surefire.junit4.JUnit4Provider.executeWithRerun(JUnit4Provider.java:240)
	at org.apache.maven.surefire.junit4.JUnit4Provider.executeTestSet(JUnit4Provider.java:214)
	at org.apache.maven.surefire.junit4.JUnit4Provider.invoke(JUnit4Provider.java:155)
	at org.apache.maven.surefire.booter.ForkedBooter.runSuitesInProcess(ForkedBooter.java:385)
	at org.apache.maven.surefire.booter.ForkedBooter.execute(ForkedBooter.java:162)
	at org.apache.maven.surefire.booter.ForkedBooter.run(ForkedBooter.java:507)
	at org.apache.maven.surefire.booter.ForkedBooter.main(ForkedBooter.java:495)
]]></error>
    <system-out><![CDATA[java.io.FileNotFoundException: attorney\src\main\java\group13\reviewQueue.txt (The system cannot find the path specified)
java.io.FileNotFoundException: attorney\src\main\java\group13\database.txt (The system cannot find the path specified)
java.io.FileNotFoundException: attorney\src\main\java\group13\reviewQueue.txt (The system cannot find the path specified)
java.io.FileNotFoundException: attorney\src\main\java\group13\database.txt (The system cannot find the path specified)
java.io.FileNotFoundException: attorney\src\main\java\group13\reviewQueue.txt (The system cannot find the path specified)
java.io.FileNotFoundException: attorney\src\main\java\group13\database.txt (The system cannot find the path specified)
java.io.FileNotFoundException: attorney\src\main\java\group13\reviewQueue.txt (The system cannot find the path specified)
java.io.FileNotFoundException: attorney\src\main\java\group13\database.txt (The system cannot find the path specified)
]]></system-out>
  </testcase>
  <testcase name="testGetNextReview" classname="tests.WorkflowTest" time="0.0"/>
  <testcase name="testGetApprovalQueue" classname="tests.WorkflowTest" time="0.002">
    <error message="Cannot invoke &quot;java.util.LinkedList.remove()&quot; because &quot;approveQueue&quot; is null" type="java.lang.NullPointerException"><![CDATA[java.lang.NullPointerException: Cannot invoke "java.util.LinkedList.remove()" because "approveQueue" is null
	at group13/group13.Workflow.getNextApproval(Workflow.java:140)
	at group13/tests.WorkflowTest.testGetApprovalQueue(WorkflowTest.java:64)
	at java.base/jdk.internal.reflect.DirectMethodHandleAccessor.invoke(DirectMethodHandleAccessor.java:103)
	at java.base/java.lang.reflect.Method.invoke(Method.java:580)
	at org.junit.runners.model.FrameworkMethod$1.runReflectiveCall(FrameworkMethod.java:59)
	at org.junit.internal.runners.model.ReflectiveCallable.run(ReflectiveCallable.java:12)
	at org.junit.runners.model.FrameworkMethod.invokeExplosively(FrameworkMethod.java:56)
	at org.junit.internal.runners.statements.InvokeMethod.evaluate(InvokeMethod.java:17)
	at org.junit.runners.ParentRunner$3.evaluate(ParentRunner.java:306)
	at org.junit.runners.BlockJUnit4ClassRunner$1.evaluate(BlockJUnit4ClassRunner.java:100)
	at org.junit.runners.ParentRunner.runLeaf(ParentRunner.java:366)
	at org.junit.runners.BlockJUnit4ClassRunner.runChild(BlockJUnit4ClassRunner.java:103)
	at org.junit.runners.BlockJUnit4ClassRunner.runChild(BlockJUnit4ClassRunner.java:63)
	at org.junit.runners.ParentRunner$4.run(ParentRunner.java:331)
	at org.junit.runners.ParentRunner$1.schedule(ParentRunner.java:79)
	at org.junit.runners.ParentRunner.runChildren(ParentRunner.java:329)
	at org.junit.runners.ParentRunner.access$100(ParentRunner.java:66)
	at org.junit.runners.ParentRunner$2.evaluate(ParentRunner.java:293)
	at org.junit.runners.ParentRunner$3.evaluate(ParentRunner.java:306)
	at org.junit.runners.ParentRunner.run(ParentRunner.java:413)
	at org.apache.maven.surefire.junit4.JUnit4Provider.execute(JUnit4Provider.java:316)
	at org.apache.maven.surefire.junit4.JUnit4Provider.executeWithRerun(JUnit4Provider.java:240)
	at org.apache.maven.surefire.junit4.JUnit4Provider.executeTestSet(JUnit4Provider.java:214)
	at org.apache.maven.surefire.junit4.JUnit4Provider.invoke(JUnit4Provider.java:155)
	at org.apache.maven.surefire.booter.ForkedBooter.runSuitesInProcess(ForkedBooter.java:385)
	at org.apache.maven.surefire.booter.ForkedBooter.execute(ForkedBooter.java:162)
	at org.apache.maven.surefire.booter.ForkedBooter.run(ForkedBooter.java:507)
	at org.apache.maven.surefire.booter.ForkedBooter.main(ForkedBooter.java:495)
]]></error>
    <system-out><![CDATA[java.io.FileNotFoundException: attorney\src\main\java\group13\approveQueue.txt (The system cannot find the path specified)
java.io.FileNotFoundException: attorney\src\main\java\group13\database.txt (The system cannot find the path specified)
java.io.FileNotFoundException: attorney\src\main\java\group13\approveQueue.txt (The system cannot find the path specified)
java.io.FileNotFoundException: attorney\src\main\java\group13\database.txt (The system cannot find the path specified)
java.io.FileNotFoundException: attorney\src\main\java\group13\approveQueue.txt (The system cannot find the path specified)
java.io.FileNotFoundException: attorney\src\main\java\group13\database.txt (The system cannot find the path specified)
java.io.FileNotFoundException: attorney\src\main\java\group13\approveQueue.txt (The system cannot find the path specified)
java.io.FileNotFoundException: attorney\src\main\java\group13\database.txt (The system cannot find the path specified)
]]></system-out>
  </testcase>
  <testcase name="testGetNextApproval" classname="tests.WorkflowTest" time="0.0"/>
</testsuite>